C51 COMPILER V9.60.7.0   IAP                                                               11/12/2024 00:03:35 PAGE 1   


C51 COMPILER V9.60.7.0, COMPILATION OF MODULE IAP
OBJECT MODULE PLACED IN .\Objects\IAP.obj
COMPILER INVOKED BY: C:\Keil_v5\C51\BIN\C51.EXE IAP.c OPTIMIZE(8,SPEED) BROWSE DEBUG OBJECTEXTEND PRINT(.\Listings\IAP.l
                    -st) OBJECT(.\Objects\IAP.obj)

line level    source

   1          #include "IAP.h"
   2          
   3          
   4          void IapIdle()
   5          {
   6   1      IAP_CONTR = 0; //关闭 IAP 功能
   7   1      IAP_CMD = 0; //清除命令寄存器
   8   1      IAP_TRIG = 0; //清除触发寄存器
   9   1      IAP_ADDRH = 0x80; //将地址设置到非 IAP 区域
  10   1      IAP_ADDRL = 0;
  11   1      IAP_TPS=12;
  12   1      }
  13          
  14          char IapRead(int addr)
  15          {
  16   1      char dat;
  17   1      IAP_CONTR = 0x80; //使能 IAP
  18   1      IAP_TPS = 12; //设置等待参数 12MHz
  19   1      IAP_CMD = 1; //设置 IAP 读命令
  20   1      IAP_ADDRL = addr; //设置 IAP 低地址
  21   1      IAP_ADDRH = addr >> 8; //设置 IAP 高地址
  22   1      IAP_TRIG = 0x5a; //写触发命令(0x5a)
  23   1      IAP_TRIG = 0xa5; //写触发命令(0xa5)
  24   1      _nop_();
  25   1      dat = IAP_DATA; //读 IAP 数据
  26   1      IapIdle(); //关闭 IAP 功能
  27   1      return dat;
  28   1      }
  29          
  30          void IapProgram(int addr, char dat)
  31          {
  32   1      IAP_CONTR = 0x80; //使能 IAP
  33   1      IAP_TPS = 12; //设置等待参数 12MHz
  34   1      IAP_CMD = 2; //设置 IAP 写命令
  35   1      IAP_ADDRL = addr; //设置 IAP 低地址
  36   1      IAP_ADDRH = addr >> 8; //设置 IAP 高地址
  37   1      IAP_DATA = dat; //写 IAP 数据
  38   1      IAP_TRIG = 0x5a; //写触发命令(0x5a)
  39   1      IAP_TRIG = 0xa5; //写触发命令(0xa5)
  40   1      _nop_();
  41   1      IapIdle(); //关闭 IAP 功能
  42   1      }
  43          
  44          
  45          void IapErase(int addr)
  46          {
  47   1      IAP_CONTR = 0x80; //使能 IAP
  48   1      IAP_TPS = 12; //设置等待参数 12MHz
  49   1      IAP_CMD = 3; //设置 IAP 擦除命令
  50   1      IAP_ADDRL = addr; //设置 IAP 低地址
  51   1      IAP_ADDRH = addr >> 8; //设置 IAP 高地址
  52   1      IAP_TRIG = 0x5a; //写触发命令(0x5a)
  53   1      IAP_TRIG = 0xa5; //写触发命令(0xa5)
  54   1      _nop_(); //
C51 COMPILER V9.60.7.0   IAP                                                               11/12/2024 00:03:35 PAGE 2   

  55   1      IapIdle(); //关闭 IAP 功能
  56   1      }
  57          


MODULE INFORMATION:   STATIC OVERLAYABLE
   CODE SIZE        =     95    ----
   CONSTANT SIZE    =   ----    ----
   XDATA SIZE       =   ----    ----
   PDATA SIZE       =   ----    ----
   DATA SIZE        =   ----    ----
   IDATA SIZE       =   ----    ----
   BIT SIZE         =   ----    ----
END OF MODULE INFORMATION.


C51 COMPILATION COMPLETE.  0 WARNING(S),  0 ERROR(S)
