C51 COMPILER V9.60.7.0   MAIN                                                              11/12/2024 01:35:36 PAGE 1   


C51 COMPILER V9.60.7.0, COMPILATION OF MODULE MAIN
OBJECT MODULE PLACED IN .\Objects\main.obj
COMPILER INVOKED BY: C:\Keil_v5\C51\BIN\C51.EXE main.c OPTIMIZE(8,SPEED) BROWSE DEBUG OBJECTEXTEND PRINT(.\Listings\main
                    -.lst) OBJECT(.\Objects\main.obj)

line level    source

   1          #include <STC8H.H>
   2          #include "IIC.h"
   3          #include "IAP.h"
   4          #include "PWM.h"
   5          #include "DRIVES.h"
   6          sbit LED=P7^0;
   7          extern unsigned char xdata buffer[64];
   8          
   9          void main()
  10          {
  11   1       unsigned char i;
  12   1       P7M0 = 0x01; 
  13   1       P7M1 = 0x00;   
  14   1       IapIdle();
  15   1       IICsetup();
  16   1       buffer[0]=1;
  17   1       for(i=0;i<64;i++) buffer[i]=IapRead(i);
  18   1       EA = 1;
  19   1       PWMAconfig();
  20   1       PWMBconfig();
  21   1       Timer0_Init();
  22   1       while(1)
  23   1      
  24   1      {
  25   2       LED = buffer[0];
  26   2       ServoA(buffer[1]);
  27   2       ServoB(buffer[2]);
  28   2       ServoC(buffer[3]);
  29   2       ServoD(buffer[4]);
  30   2       for(i=0;i<64;i++) IapProgram(i,buffer[i]);
  31   2      }
  32   1      
  33   1      }


MODULE INFORMATION:   STATIC OVERLAYABLE
   CODE SIZE        =    133    ----
   CONSTANT SIZE    =   ----    ----
   XDATA SIZE       =   ----    ----
   PDATA SIZE       =   ----    ----
   DATA SIZE        =   ----       1
   IDATA SIZE       =   ----    ----
   BIT SIZE         =   ----    ----
END OF MODULE INFORMATION.


C51 COMPILATION COMPLETE.  0 WARNING(S),  0 ERROR(S)
